<?xml version="1.0" encoding="UTF-8"?>
<!-- Generated by org.testng.reporters.JUnitXMLReporter -->
<testsuite hostname="MS-20170914WAMZ" ignored="0" name="Test" tests="1" failures="1" timestamp="07 十二月 2017 06:47:42 GMT" time="0.046" errors="0">
  <testcase name="listenerExampletest" time="0.016" classname="testngdemo.TestNGListener">
    <failure type="java.lang.AssertionError" message="expected [true] but found [false]">
      <![CDATA[java.lang.AssertionError: expected [true] but found [false]
	at testngdemo.TestNGListener.listenerExampletest(TestNGListener.java:56)
... Removed 29 stack frames]]>
    </failure>
  </testcase> <!-- listenerExampletest -->
</testsuite> <!-- Test -->
